
ROM used:   248/32768 (1%)
            252/32768 (1%) including unused fragments

            0.2 Average locations per line
            20.7 Average locations per statement

RAM used:   6/2048 (0%) at main() level
            7/2048 (0%) worst case

Stack used: 1 worst case (1 in main + 0 for interrupts)
Stack size: 31

Lines Stmts  %   Files
----- ----- ---  -----
   40    12 100  PWM1.c
  988     0   0  ..\..\..\..\..\..\..\..\..\..\Program Files (x86)\PICCDEMO\Devices\18F45K50.h
----- -----
 1028    12 Total

Page ROM  %  RAM    Vol Diff  Functions:
---- --- --- ---    --- ----  ----------
0     40   8    1             @delay_ms1
0    204  41    0    351  5.6  main
 Inline         0             @cinit1

Program metrics:
    Functions               1
    Statements              12
    Comments                202
    Volume (V)              355
    Difficulty (D)          5.3
    Effort to implement (E) 1863
    Time to implement (T)   2 minutes
    Est Delivered Bugs (B)  0
    Cyclomatic Complexity   2
    Maintainability (MI)    98

 Segment     Used  Free
-----------  ----  ----
00000-01FFE     0  8192  
02000-02006     4  4  
02008-07FFE   244  24324  



